D:\HCMUT\HK242\Transmission System Project\Cad\BanVe.dwg,Model,4/3/2025 2:35:52 AM,duvoh,DWG To PDF.pc3,ISO A0 (841.00 x 1189.00 MM),1:1,
D:\HCMUT\HK242\Transmission System Project\Cad\System.dwg,Model,4/10/2025 2:15:27 AM,duvoh,DWG To PDF.pc3,ISO A0 (841.00 x 1189.00 MM),1:1,
D:\HCMUT\HK242\Transmission System Project\Cad\System.dwg,Model,4/17/2025 4:05:31 AM,duvoh,DWG To PDF.pc3,ISO A0 (841.00 x 1189.00 MM),1:1,
C:\Users\duvoh\OneDrive\Desktop\ban_ve_chi_tiet.dwg,Model,4/17/2025 4:06:47 AM,duvoh,DWG To PDF.pc3,ISO A3 (420.00 x 297.00 MM),1:1,
C:\Users\duvoh\OneDrive\Desktop\ban_ve_chi_tiet.dwg,Model,4/17/2025 4:08:08 AM,duvoh,DWG To PDF.pc3,ISO A3 (297.00 x 420.00 MM),1:1,
C:\Users\duvoh\OneDrive\Desktop\ban_ve_chi_tiet.dwg,Model,4/17/2025 4:09:35 AM,duvoh,DWG To PDF.pc3,ISO A3 (297.00 x 420.00 MM),1:1,
C:\Users\duvoh\OneDrive\Desktop\ban_ve_chi_tiet.dwg,Model,4/17/2025 4:10:35 AM,duvoh,DWG To PDF.pc3,ISO A3 (420.00 x 297.00 MM),1:1,
D:\HCMUT\HK242\Transmission System Project\Cad\Detail_2.dwg,Model,5/8/2025 3:05:05 AM,duvoh,DWG To PDF.pc3,ISO A3 (420.00 x 297.00 MM),1:1,
D:\HCMUT\HK242\Transmission System Project\Cad\System.dwg,Model,5/26/2025 1:34:01 AM,duvoh,DWG To PDF.pc3,ISO expand A0 (841.00 x 1189.00 MM),1:1.01711,
D:\HCMUT\HK242\Transmission System Project\Cad\Detail_2.dwg,Model,5/26/2025 1:45:35 AM,duvoh,DWG To PDF.pc3,ISO A3 (420.00 x 297.00 MM),1:1,
D:\HCMUT\HK242\Transmission System Project\Cad\Detail_2.dwg,Model,5/26/2025 1:49:10 AM,duvoh,DWG To PDF.pc3,ISO A3 (420.00 x 297.00 MM),1:1,
D:\HCMUT\HK242\Transmission System Project\Cad\System.dwg,Model,5/26/2025 1:53:45 AM,duvoh,DWG To PDF.pc3,ISO A0 (841.00 x 1189.00 MM),1:1,
D:\HCMUT\HK242\Transmission System Project\Cad\GearBox.dwg,Model,5/26/2025 2:01:25 AM,duvoh,DWG To PDF.pc3,ISO A0 (841.00 x 1189.00 MM),1:1,
D:\HCMUT\HK242\Transmission System Project\Cad\System.dwg,Model,5/27/2025 11:58:23 PM,duvoh,DWG To PDF.pc3,ISO A0 (841.00 x 1189.00 MM),1:1,
D:\HCMUT\HK242\Transmission System Project\Cad\GearBox.dwg,Model,5/28/2025 12:00:51 AM,duvoh,DWG To PDF.pc3,ISO A0 (841.00 x 1189.00 MM),1:1,
D:\HCMUT\HK242\Transmission System Project\Cad\Detail_1.dwg,Model,5/28/2025 12:05:28 AM,duvoh,DWG To PDF.pc3,ISO A3 (420.00 x 297.00 MM),1:1,
D:\HCMUT\HK242\Transmission System Project\Cad\Detail_1.dwg,Model,5/28/2025 12:07:44 AM,duvoh,DWG To PDF.pc3,ISO A3 (420.00 x 297.00 MM),1:1,
D:\HCMUT\HK242\Transmission System Project\Cad\Detail_2.dwg,Model,5/28/2025 12:14:04 AM,duvoh,DWG To PDF.pc3,ISO A3 (420.00 x 297.00 MM),1:1,
D:\HCMUT\HK242\Transmission System Project\Cad\Detail_2.dwg,Model,5/28/2025 12:20:01 AM,duvoh,DWG To PDF.pc3,ISO A3 (420.00 x 297.00 MM),1:1,
D:\HCMUT\HK242\Transmission System Project\Cad\Detail_1.dwg,Model,5/28/2025 12:22:45 AM,duvoh,DWG To PDF.pc3,ISO A3 (420.00 x 297.00 MM),1:1,
D:\HCMUT\HK242\Transmission System Project\Cad\GearBox.dwg,Model,5/28/2025 12:25:43 AM,duvoh,DWG To PDF.pc3,ISO A0 (841.00 x 1189.00 MM),1:1,
D:\HCMUT\HK242\Transmission System Project\Cad\System.dwg,Model,5/28/2025 12:28:01 AM,duvoh,DWG To PDF.pc3,ISO A0 (841.00 x 1189.00 MM),1:1,
D:\HCMUT\HK242\Transmission System Project\Cad\GearBox.dwg,Model,5/28/2025 12:30:18 AM,duvoh,DWG To PDF.pc3,ISO A0 (841.00 x 1189.00 MM),1:1,
